Audit Success,31-03-2026 12:02:26,Microsoft-Windows-Security-Auditing,4624,Logon,"An account was successfully logged on.

Subject:
	Security ID:		SYSTEM
	Account Name:		SHAIKFEROZALI$
	Account Domain:		WORKGROUP
	Logon ID:		0x3E7

Logon Information:
	Logon Type:		7
	Restricted Admin Mode:	-
	Remote Credential Guard:	-
	Virtual Account:		No
	Elevated Token:		No

Impersonation Level:		Impersonation

New Logon:
	Security ID:		SHAIKFEROZALI\feroz
	Account Name:		ferozalishaik786@gmail.com
	Account Domain:		MicrosoftAccount
	Logon ID:		0x3D8AE66
	Linked Logon ID:		0x3D8A3FB
	Network Account Name:	-
	Network Account Domain:	-
	Logon GUID:		{00000000-0000-0000-0000-000000000000}

Process Information:
	Process ID:		0x474
	Process Name:		C:\Windows\System32\lsass.exe

Network Information:
	Workstation Name:	SHAIKFEROZALI
	Source Network Address:	-
	Source Port:		-

Detailed Authentication Information:
	Logon Process:		Negotiat
	Authentication Package:	Negotiate
	Transited Services:	-
	Package Name (NTLM only):	-
	Key Length:		0

This event is generated when a logon session is created. It is generated on the computer that was accessed.

The subject fields indicate the account on the local system which requested the logon. This is most commonly a service such as the Server service, or a local process such as Winlogon.exe or Services.exe.

The logon type field indicates the kind of logon that occurred. The most common types are 2 (interactive) and 3 (network).

The New Logon fields indicate the account for whom the new logon was created, i.e. the account that was logged on.

The network fields indicate where a remote logon request originated. Workstation name is not always available and may be left blank in some cases.

The impersonation level field indicates the extent to which a process in the logon session can impersonate.

The authentication information fields provide detailed information about this specific logon request.
	- Logon GUID is a unique identifier that can be used to correlate this event with a KDC event.
	- Transited services indicate which intermediate services have participated in this logon request.
	- Package name indicates which sub-protocol was used among the NTLM protocols.
	- Key length indicates the length of the generated session key. This will be 0 if no session key was requested."
Audit Success,31-03-2026 12:02:26,Microsoft-Windows-Security-Auditing,4624,Logon,"An account was successfully logged on.

Subject:
	Security ID:		SYSTEM
	Account Name:		SHAIKFEROZALI$
	Account Domain:		WORKGROUP
	Logon ID:		0x3E7

Logon Information:
	Logon Type:		7
	Restricted Admin Mode:	-
	Remote Credential Guard:	-
	Virtual Account:		No
	Elevated Token:		Yes

Impersonation Level:		Impersonation

New Logon:
	Security ID:		SHAIKFEROZALI\feroz
	Account Name:		ferozalishaik786@gmail.com
	Account Domain:		MicrosoftAccount
	Logon ID:		0x3D8A3FB
	Linked Logon ID:		0x3D8AE66
	Network Account Name:	-
	Network Account Domain:	-
	Logon GUID:		{00000000-0000-0000-0000-000000000000}

Process Information:
	Process ID:		0x474
	Process Name:		C:\Windows\System32\lsass.exe

Network Information:
	Workstation Name:	SHAIKFEROZALI
	Source Network Address:	-
	Source Port:		-

Detailed Authentication Information:
	Logon Process:		Negotiat
	Authentication Package:	Negotiate
	Transited Services:	-
	Package Name (NTLM only):	-
	Key Length:		0

This event is generated when a logon session is created. It is generated on the computer that was accessed.

The subject fields indicate the account on the local system which requested the logon. This is most commonly a service such as the Server service, or a local process such as Winlogon.exe or Services.exe.

The logon type field indicates the kind of logon that occurred. The most common types are 2 (interactive) and 3 (network).

The New Logon fields indicate the account for whom the new logon was created, i.e. the account that was logged on.

The network fields indicate where a remote logon request originated. Workstation name is not always available and may be left blank in some cases.

The impersonation level field indicates the extent to which a process in the logon session can impersonate.

The authentication information fields provide detailed information about this specific logon request.
	- Logon GUID is a unique identifier that can be used to correlate this event with a KDC event.
	- Transited services indicate which intermediate services have participated in this logon request.
	- Package name indicates which sub-protocol was used among the NTLM protocols.
	- Key length indicates the length of the generated session key. This will be 0 if no session key was requested."
Audit Success,31-03-2026 12:02:26,Microsoft-Windows-Security-Auditing,4648,Logon,"A logon was attempted using explicit credentials.

Subject:
	Security ID:		SYSTEM
	Account Name:		SHAIKFEROZALI$
	Account Domain:		WORKGROUP
	Logon ID:		0x3E7
	Logon GUID:		{00000000-0000-0000-0000-000000000000}

Account Whose Credentials Were Used:
	Account Name:		ferozalishaik786@gmail.com
	Account Domain:		MicrosoftAccount
	Logon GUID:		{00000000-0000-0000-0000-000000000000}

Target Server:
	Target Server Name:	localhost
	Additional Information:	localhost

Process Information:
	Process ID:		0x474
	Process Name:		C:\Windows\System32\lsass.exe

Network Information:
	Network Address:	-
	Port:			-

This event is generated when a process attempts to log on an account by explicitly specifying that account’s credentials.  This most commonly occurs in batch-type configurations such as scheduled tasks, or when using the RUNAS command."
Audit Success,31-03-2026 12:02:26,Microsoft-Windows-Security-Auditing,4738,User Account Management,"A user account was changed.

Subject:
	Security ID:		SYSTEM
	Account Name:		SHAIKFEROZALI$
	Account Domain:		WORKGROUP
	Logon ID:		0x3E7

Target Account:
	Security ID:		SHAIKFEROZALI\feroz
	Account Name:		feroz
	Account Domain:		shaikferozali

Changed Attributes:
	SAM Account Name:	-
	Display Name:		Feroz Ali
	User Principal Name:	-
	Home Directory:		-
	Home Drive:		-
	Script Path:		-
	Profile Path:		-
	User Workstations:	-
	Password Last Set:	-
	Account Expires:		-
	Primary Group ID:	-
	AllowedToDelegateTo:	-
	Old UAC Value:		-
	New UAC Value:		-
	User Account Control:	-
	User Parameters:	-
	SID History:		-
	Logon Hours:		-

Additional Information:
	Privileges:		-"
Audit Success,31-03-2026 12:02:26,Microsoft-Windows-Security-Auditing,4672,Special Logon,"Special privileges assigned to new logon.

Subject:
	Security ID:		SHAIKFEROZALI\feroz
	Account Name:		ferozalishaik786@gmail.com
	Account Domain:		MicrosoftAccount
	Logon ID:		0x3D892D9

Privileges:		SeSecurityPrivilege
			SeTakeOwnershipPrivilege
			SeLoadDriverPrivilege
			SeBackupPrivilege
			SeRestorePrivilege
			SeDebugPrivilege
			SeSystemEnvironmentPrivilege
			SeImpersonatePrivilege
			SeDelegateSessionUserImpersonatePrivilege"
Audit Success,31-03-2026 12:02:26,Microsoft-Windows-Security-Auditing,4624,Logon,"An account was successfully logged on.

Subject:
	Security ID:		SYSTEM
	Account Name:		SHAIKFEROZALI$
	Account Domain:		WORKGROUP
	Logon ID:		0x3E7

Logon Information:
	Logon Type:		11
	Restricted Admin Mode:	-
	Remote Credential Guard:	-
	Virtual Account:		No
	Elevated Token:		No

Impersonation Level:		Impersonation

New Logon:
	Security ID:		SHAIKFEROZALI\feroz
	Account Name:		ferozalishaik786@gmail.com
	Account Domain:		MicrosoftAccount
	Logon ID:		0x3D89371
	Linked Logon ID:		0x3D892D9
	Network Account Name:	-
	Network Account Domain:	-
	Logon GUID:		{00000000-0000-0000-0000-000000000000}

Process Information:
	Process ID:		0x9e8
	Process Name:		C:\Windows\System32\svchost.exe

Network Information:
	Workstation Name:	SHAIKFEROZALI
	Source Network Address:	127.0.0.1
	Source Port:		0

Detailed Authentication Information:
	Logon Process:		User32 
	Authentication Package:	Negotiate
	Transited Services:	-
	Package Name (NTLM only):	-
	Key Length:		0

This event is generated when a logon session is created. It is generated on the computer that was accessed.

The subject fields indicate the account on the local system which requested the logon. This is most commonly a service such as the Server service, or a local process such as Winlogon.exe or Services.exe.

The logon type field indicates the kind of logon that occurred. The most common types are 2 (interactive) and 3 (network).

The New Logon fields indicate the account for whom the new logon was created, i.e. the account that was logged on.

The network fields indicate where a remote logon request originated. Workstation name is not always available and may be left blank in some cases.

The impersonation level field indicates the extent to which a process in the logon session can impersonate.

The authentication information fields provide detailed information about this specific logon request.
	- Logon GUID is a unique identifier that can be used to correlate this event with a KDC event.
	- Transited services indicate which intermediate services have participated in this logon request.
	- Package name indicates which sub-protocol was used among the NTLM protocols.
	- Key length indicates the length of the generated session key. This will be 0 if no session key was requested."
Audit Success,31-03-2026 12:02:26,Microsoft-Windows-Security-Auditing,4624,Logon,"An account was successfully logged on.

Subject:
	Security ID:		SYSTEM
	Account Name:		SHAIKFEROZALI$
	Account Domain:		WORKGROUP
	Logon ID:		0x3E7

Logon Information:
	Logon Type:		11
	Restricted Admin Mode:	-
	Remote Credential Guard:	-
	Virtual Account:		No
	Elevated Token:		Yes

Impersonation Level:		Impersonation

New Logon:
	Security ID:		SHAIKFEROZALI\feroz
	Account Name:		ferozalishaik786@gmail.com
	Account Domain:		MicrosoftAccount
	Logon ID:		0x3D892D9
	Linked Logon ID:		0x3D89371
	Network Account Name:	-
	Network Account Domain:	-
	Logon GUID:		{00000000-0000-0000-0000-000000000000}

Process Information:
	Process ID:		0x9e8
	Process Name:		C:\Windows\System32\svchost.exe

Network Information:
	Workstation Name:	SHAIKFEROZALI
	Source Network Address:	127.0.0.1
	Source Port:		0

Detailed Authentication Information:
	Logon Process:		User32 
	Authentication Package:	Negotiate
	Transited Services:	-
	Package Name (NTLM only):	-
	Key Length:		0

This event is generated when a logon session is created. It is generated on the computer that was accessed.

The subject fields indicate the account on the local system which requested the logon. This is most commonly a service such as the Server service, or a local process such as Winlogon.exe or Services.exe.

The logon type field indicates the kind of logon that occurred. The most common types are 2 (interactive) and 3 (network).

The New Logon fields indicate the account for whom the new logon was created, i.e. the account that was logged on.

The network fields indicate where a remote logon request originated. Workstation name is not always available and may be left blank in some cases.

The impersonation level field indicates the extent to which a process in the logon session can impersonate.

The authentication information fields provide detailed information about this specific logon request.
	- Logon GUID is a unique identifier that can be used to correlate this event with a KDC event.
	- Transited services indicate which intermediate services have participated in this logon request.
	- Package name indicates which sub-protocol was used among the NTLM protocols.
	- Key length indicates the length of the generated session key. This will be 0 if no session key was requested."
Audit Success,31-03-2026 12:02:26,Microsoft-Windows-Security-Auditing,4648,Logon,"A logon was attempted using explicit credentials.

Subject:
	Security ID:		SYSTEM
	Account Name:		SHAIKFEROZALI$
	Account Domain:		WORKGROUP
	Logon ID:		0x3E7
	Logon GUID:		{00000000-0000-0000-0000-000000000000}

Account Whose Credentials Were Used:
	Account Name:		ferozalishaik786@gmail.com
	Account Domain:		MicrosoftAccount
	Logon GUID:		{00000000-0000-0000-0000-000000000000}

Target Server:
	Target Server Name:	localhost
	Additional Information:	localhost

Process Information:
	Process ID:		0x9e8
	Process Name:		C:\Windows\System32\svchost.exe

Network Information:
	Network Address:	127.0.0.1
	Port:			0

This event is generated when a process attempts to log on an account by explicitly specifying that account’s credentials.  This most commonly occurs in batch-type configurations such as scheduled tasks, or when using the RUNAS command."
Audit Success,31-03-2026 12:02:26,Microsoft-Windows-Security-Auditing,4738,User Account Management,"A user account was changed.

Subject:
	Security ID:		SYSTEM
	Account Name:		SHAIKFEROZALI$
	Account Domain:		WORKGROUP
	Logon ID:		0x3E7

Target Account:
	Security ID:		SHAIKFEROZALI\feroz
	Account Name:		feroz
	Account Domain:		shaikferozali

Changed Attributes:
	SAM Account Name:	-
	Display Name:		Feroz Ali
	User Principal Name:	-
	Home Directory:		-
	Home Drive:		-
	Script Path:		-
	Profile Path:		-
	User Workstations:	-
	Password Last Set:	-
	Account Expires:		-
	Primary Group ID:	-
	AllowedToDelegateTo:	-
	Old UAC Value:		-
	New UAC Value:		-
	User Account Control:	-
	User Parameters:	-
	SID History:		-
	Logon Hours:		-

Additional Information:
	Privileges:		-"
Audit Success,31-03-2026 12:02:25,Microsoft-Windows-Security-Auditing,5379,User Account Management,"Credential Manager credentials were read.

Subject:
	Security ID:		SHAIKFEROZALI\feroz
	Account Name:		feroz
	Account Domain:		SHAIKFEROZALI
	Logon ID:		0x8B7E6
	Read Operation:		Enumerate Credentials

This event occurs when a user performs a read operation on stored credentials in Credential Manager."
Audit Success,31-03-2026 12:02:25,Microsoft-Windows-Security-Auditing,5379,User Account Management,"Credential Manager credentials were read.

Subject:
	Security ID:		SHAIKFEROZALI\feroz
	Account Name:		feroz
	Account Domain:		SHAIKFEROZALI
	Logon ID:		0x8B7E6
	Read Operation:		Enumerate Credentials

This event occurs when a user performs a read operation on stored credentials in Credential Manager."
Audit Success,31-03-2026 12:02:25,Microsoft-Windows-Security-Auditing,5379,User Account Management,"Credential Manager credentials were read.

Subject:
	Security ID:		SHAIKFEROZALI\feroz
	Account Name:		feroz
	Account Domain:		SHAIKFEROZALI
	Logon ID:		0x8B7E6
	Read Operation:		Enumerate Credentials

This event occurs when a user performs a read operation on stored credentials in Credential Manager."
Audit Success,31-03-2026 12:02:25,Microsoft-Windows-Security-Auditing,5379,User Account Management,"Credential Manager credentials were read.

Subject:
	Security ID:		SHAIKFEROZALI\feroz
	Account Name:		feroz
	Account Domain:		SHAIKFEROZALI
	Logon ID:		0x8B7E6
	Read Operation:		Enumerate Credentials

This event occurs when a user performs a read operation on stored credentials in Credential Manager."
Audit Success,31-03-2026 12:02:25,Microsoft-Windows-Security-Auditing,5379,User Account Management,"Credential Manager credentials were read.

Subject:
	Security ID:		SHAIKFEROZALI\feroz
	Account Name:		feroz
	Account Domain:		SHAIKFEROZALI
	Logon ID:		0x8B7E6
	Read Operation:		Enumerate Credentials

This event occurs when a user performs a read operation on stored credentials in Credential Manager."
Audit Success,31-03-2026 12:02:25,Microsoft-Windows-Security-Auditing,5379,User Account Management,"Credential Manager credentials were read.

Subject:
	Security ID:		SHAIKFEROZALI\feroz
	Account Name:		feroz
	Account Domain:		SHAIKFEROZALI
	Logon ID:		0x8B7E6
	Read Operation:		Enumerate Credentials

This event occurs when a user performs a read operation on stored credentials in Credential Manager."
Audit Success,31-03-2026 12:02:25,Microsoft-Windows-Security-Auditing,5379,User Account Management,"Credential Manager credentials were read.

Subject:
	Security ID:		SHAIKFEROZALI\feroz
	Account Name:		feroz
	Account Domain:		SHAIKFEROZALI
	Logon ID:		0x8B7E6
	Read Operation:		Enumerate Credentials

This event occurs when a user performs a read operation on stored credentials in Credential Manager."
Audit Success,31-03-2026 12:02:25,Microsoft-Windows-Security-Auditing,5379,User Account Management,"Credential Manager credentials were read.

Subject:
	Security ID:		SHAIKFEROZALI\feroz
	Account Name:		feroz
	Account Domain:		SHAIKFEROZALI
	Logon ID:		0x8B7E6
	Read Operation:		Enumerate Credentials

This event occurs when a user performs a read operation on stored credentials in Credential Manager."
Audit Success,31-03-2026 12:02:25,Microsoft-Windows-Security-Auditing,5379,User Account Management,"Credential Manager credentials were read.

Subject:
	Security ID:		SHAIKFEROZALI\feroz
	Account Name:		feroz
	Account Domain:		SHAIKFEROZALI
	Logon ID:		0x8B7E6
	Read Operation:		Enumerate Credentials

This event occurs when a user performs a read operation on stored credentials in Credential Manager."
Audit Success,31-03-2026 12:02:25,Microsoft-Windows-Security-Auditing,5379,User Account Management,"Credential Manager credentials were read.

Subject:
	Security ID:		SHAIKFEROZALI\feroz
	Account Name:		feroz
	Account Domain:		SHAIKFEROZALI
	Logon ID:		0x8B7E6
	Read Operation:		Enumerate Credentials

This event occurs when a user performs a read operation on stored credentials in Credential Manager."
Audit Success,31-03-2026 12:02:24,Microsoft-Windows-Security-Auditing,5379,User Account Management,"Credential Manager credentials were read.

Subject:
	Security ID:		SYSTEM
	Account Name:		SHAIKFEROZALI$
	Account Domain:		WORKGROUP
	Logon ID:		0x3E7
	Read Operation:		Enumerate Credentials

This event occurs when a user performs a read operation on stored credentials in Credential Manager."
Audit Success,31-03-2026 12:02:24,Microsoft-Windows-Security-Auditing,5379,User Account Management,"Credential Manager credentials were read.

Subject:
	Security ID:		SHAIKFEROZALI\feroz
	Account Name:		feroz
	Account Domain:		SHAIKFEROZALI
	Logon ID:		0x8B7E6
	Read Operation:		Enumerate Credentials

This event occurs when a user performs a read operation on stored credentials in Credential Manager."
Audit Success,31-03-2026 12:02:22,Microsoft-Windows-Security-Auditing,5379,User Account Management,"Credential Manager credentials were read.

Subject:
	Security ID:		SHAIKFEROZALI\feroz
	Account Name:		feroz
	Account Domain:		SHAIKFEROZALI
	Logon ID:		0x8B7E6
	Read Operation:		Enumerate Credentials

This event occurs when a user performs a read operation on stored credentials in Credential Manager."
Audit Success,31-03-2026 12:02:22,Microsoft-Windows-Security-Auditing,5379,User Account Management,"Credential Manager credentials were read.

Subject:
	Security ID:		SHAIKFEROZALI\feroz
	Account Name:		feroz
	Account Domain:		SHAIKFEROZALI
	Logon ID:		0x8B7E6
	Read Operation:		Enumerate Credentials

This event occurs when a user performs a read operation on stored credentials in Credential Manager."
Audit Success,31-03-2026 12:02:22,Microsoft-Windows-Security-Auditing,5379,User Account Management,"Credential Manager credentials were read.

Subject:
	Security ID:		SHAIKFEROZALI\feroz
	Account Name:		feroz
	Account Domain:		SHAIKFEROZALI
	Logon ID:		0x8B7E6
	Read Operation:		Enumerate Credentials

This event occurs when a user performs a read operation on stored credentials in Credential Manager."
Audit Success,31-03-2026 12:02:22,Microsoft-Windows-Security-Auditing,5379,User Account Management,"Credential Manager credentials were read.

Subject:
	Security ID:		SHAIKFEROZALI\feroz
	Account Name:		feroz
	Account Domain:		SHAIKFEROZALI
	Logon ID:		0x8B7E6
	Read Operation:		Enumerate Credentials

This event occurs when a user performs a read operation on stored credentials in Credential Manager."
Audit Success,31-03-2026 12:02:22,Microsoft-Windows-Security-Auditing,5379,User Account Management,"Credential Manager credentials were read.

Subject:
	Security ID:		SYSTEM
	Account Name:		SHAIKFEROZALI$
	Account Domain:		WORKGROUP
	Logon ID:		0x3E7
	Read Operation:		Enumerate Credentials

This event occurs when a user performs a read operation on stored credentials in Credential Manager."
Audit Success,31-03-2026 12:02:22,Microsoft-Windows-Security-Auditing,5379,User Account Management,"Credential Manager credentials were read.

Subject:
	Security ID:		SYSTEM
	Account Name:		SHAIKFEROZALI$
	Account Domain:		WORKGROUP
	Logon ID:		0x3E7
	Read Operation:		Enumerate Credentials

This event occurs when a user performs a read operation on stored credentials in Credential Manager."
Audit Success,31-03-2026 12:02:22,Microsoft-Windows-Security-Auditing,5379,User Account Management,"Credential Manager credentials were read.

Subject:
	Security ID:		SYSTEM
	Account Name:		SHAIKFEROZALI$
	Account Domain:		WORKGROUP
	Logon ID:		0x3E7
	Read Operation:		Enumerate Credentials

This event occurs when a user performs a read operation on stored credentials in Credential Manager."
Audit Success,31-03-2026 12:02:22,Microsoft-Windows-Security-Auditing,4672,Special Logon,"Special privileges assigned to new logon.

Subject:
	Security ID:		SYSTEM
	Account Name:		SYSTEM
	Account Domain:		NT AUTHORITY
	Logon ID:		0x3E7

Privileges:		SeAssignPrimaryTokenPrivilege
			SeTcbPrivilege
			SeSecurityPrivilege
			SeTakeOwnershipPrivilege
			SeLoadDriverPrivilege
			SeBackupPrivilege
			SeRestorePrivilege
			SeDebugPrivilege
			SeAuditPrivilege
			SeSystemEnvironmentPrivilege
			SeImpersonatePrivilege
			SeDelegateSessionUserImpersonatePrivilege"
Audit Success,31-03-2026 12:02:22,Microsoft-Windows-Security-Auditing,4624,Logon,"An account was successfully logged on.

Subject:
	Security ID:		SYSTEM
	Account Name:		SHAIKFEROZALI$
	Account Domain:		WORKGROUP
	Logon ID:		0x3E7

Logon Information:
	Logon Type:		5
	Restricted Admin Mode:	-
	Remote Credential Guard:	-
	Virtual Account:		No
	Elevated Token:		Yes

Impersonation Level:		Impersonation

New Logon:
	Security ID:		SYSTEM
	Account Name:		SYSTEM
	Account Domain:		NT AUTHORITY
	Logon ID:		0x3E7
	Linked Logon ID:		0x0
	Network Account Name:	-
	Network Account Domain:	-
	Logon GUID:		{00000000-0000-0000-0000-000000000000}

Process Information:
	Process ID:		0x458
	Process Name:		C:\Windows\System32\services.exe

Network Information:
	Workstation Name:	-
	Source Network Address:	-
	Source Port:		-

Detailed Authentication Information:
	Logon Process:		Advapi  
	Authentication Package:	Negotiate
	Transited Services:	-
	Package Name (NTLM only):	-
	Key Length:		0

This event is generated when a logon session is created. It is generated on the computer that was accessed.

The subject fields indicate the account on the local system which requested the logon. This is most commonly a service such as the Server service, or a local process such as Winlogon.exe or Services.exe.

The logon type field indicates the kind of logon that occurred. The most common types are 2 (interactive) and 3 (network).

The New Logon fields indicate the account for whom the new logon was created, i.e. the account that was logged on.

The network fields indicate where a remote logon request originated. Workstation name is not always available and may be left blank in some cases.

The impersonation level field indicates the extent to which a process in the logon session can impersonate.

The authentication information fields provide detailed information about this specific logon request.
	- Logon GUID is a unique identifier that can be used to correlate this event with a KDC event.
	- Transited services indicate which intermediate services have participated in this logon request.
	- Package name indicates which sub-protocol was used among the NTLM protocols.
	- Key length indicates the length of the generated session key. This will be 0 if no session key was requested."
Audit Success,31-03-2026 12:02:21,Microsoft-Windows-Security-Auditing,4672,Special Logon,"Special privileges assigned to new logon.

Subject:
	Security ID:		SYSTEM
	Account Name:		SYSTEM
	Account Domain:		NT AUTHORITY
	Logon ID:		0x3E7

Privileges:		SeAssignPrimaryTokenPrivilege
			SeTcbPrivilege
			SeSecurityPrivilege
			SeTakeOwnershipPrivilege
			SeLoadDriverPrivilege
			SeBackupPrivilege
			SeRestorePrivilege
			SeDebugPrivilege
			SeAuditPrivilege
			SeSystemEnvironmentPrivilege
			SeImpersonatePrivilege
			SeDelegateSessionUserImpersonatePrivilege"
Audit Success,31-03-2026 12:02:21,Microsoft-Windows-Security-Auditing,4624,Logon,"An account was successfully logged on.

Subject:
	Security ID:		SYSTEM
	Account Name:		SHAIKFEROZALI$
	Account Domain:		WORKGROUP
	Logon ID:		0x3E7

Logon Information:
	Logon Type:		5
	Restricted Admin Mode:	-
	Remote Credential Guard:	-
	Virtual Account:		No
	Elevated Token:		Yes

Impersonation Level:		Impersonation

New Logon:
	Security ID:		SYSTEM
	Account Name:		SYSTEM
	Account Domain:		NT AUTHORITY
	Logon ID:		0x3E7
	Linked Logon ID:		0x0
	Network Account Name:	-
	Network Account Domain:	-
	Logon GUID:		{00000000-0000-0000-0000-000000000000}

Process Information:
	Process ID:		0x458
	Process Name:		C:\Windows\System32\services.exe

Network Information:
	Workstation Name:	-
	Source Network Address:	-
	Source Port:		-

Detailed Authentication Information:
	Logon Process:		Advapi  
	Authentication Package:	Negotiate
	Transited Services:	-
	Package Name (NTLM only):	-
	Key Length:		0

This event is generated when a logon session is created. It is generated on the computer that was accessed.

The subject fields indicate the account on the local system which requested the logon. This is most commonly a service such as the Server service, or a local process such as Winlogon.exe or Services.exe.

The logon type field indicates the kind of logon that occurred. The most common types are 2 (interactive) and 3 (network).

The New Logon fields indicate the account for whom the new logon was created, i.e. the account that was logged on.

The network fields indicate where a remote logon request originated. Workstation name is not always available and may be left blank in some cases.

The impersonation level field indicates the extent to which a process in the logon session can impersonate.

The authentication information fields provide detailed information about this specific logon request.
	- Logon GUID is a unique identifier that can be used to correlate this event with a KDC event.
	- Transited services indicate which intermediate services have participated in this logon request.
	- Package name indicates which sub-protocol was used among the NTLM protocols.
	- Key length indicates the length of the generated session key. This will be 0 if no session key was requested."
Audit Success,31-03-2026 12:02:21,Microsoft-Windows-Security-Auditing,4798,User Account Management,"A user's local group membership was enumerated.

Subject:
	Security ID:		SYSTEM
	Account Name:		SHAIKFEROZALI$
	Account Domain:		WORKGROUP
	Logon ID:		0x3E7

User:
	Security ID:		SHAIKFEROZALI\feroz
	Account Name:		feroz
	Account Domain:		shaikferozali

Process Information:
	Process ID:		0x1088
	Process Name:		C:\Windows\System32\svchost.exe"
Audit Success,31-03-2026 12:02:21,Microsoft-Windows-Security-Auditing,4798,User Account Management,"A user's local group membership was enumerated.

Subject:
	Security ID:		SYSTEM
	Account Name:		SHAIKFEROZALI$
	Account Domain:		WORKGROUP
	Logon ID:		0x3E7

User:
	Security ID:		shaikferozali\DefaultAccount
	Account Name:		DefaultAccount
	Account Domain:		shaikferozali

Process Information:
	Process ID:		0x1088
	Process Name:		C:\Windows\System32\svchost.exe"
Audit Success,31-03-2026 12:02:21,Microsoft-Windows-Security-Auditing,4798,User Account Management,"A user's local group membership was enumerated.

Subject:
	Security ID:		SYSTEM
	Account Name:		SHAIKFEROZALI$
	Account Domain:		WORKGROUP
	Logon ID:		0x3E7

User:
	Security ID:		shaikferozali\CodexSandboxOnline
	Account Name:		CodexSandboxOnline
	Account Domain:		shaikferozali

Process Information:
	Process ID:		0x1088
	Process Name:		C:\Windows\System32\svchost.exe"
Audit Success,31-03-2026 12:02:21,Microsoft-Windows-Security-Auditing,4798,User Account Management,"A user's local group membership was enumerated.

Subject:
	Security ID:		SYSTEM
	Account Name:		SHAIKFEROZALI$
	Account Domain:		WORKGROUP
	Logon ID:		0x3E7

User:
	Security ID:		shaikferozali\CodexSandboxOffline
	Account Name:		CodexSandboxOffline
	Account Domain:		shaikferozali

Process Information:
	Process ID:		0x1088
	Process Name:		C:\Windows\System32\svchost.exe"
Audit Success,31-03-2026 12:02:21,Microsoft-Windows-Security-Auditing,4798,User Account Management,"A user's local group membership was enumerated.

Subject:
	Security ID:		SYSTEM
	Account Name:		SHAIKFEROZALI$
	Account Domain:		WORKGROUP
	Logon ID:		0x3E7

User:
	Security ID:		shaikferozali\Administrator
	Account Name:		Administrator
	Account Domain:		shaikferozali

Process Information:
	Process ID:		0x1088
	Process Name:		C:\Windows\System32\svchost.exe"
Audit Success,31-03-2026 12:02:21,Microsoft-Windows-Security-Auditing,4798,User Account Management,"A user's local group membership was enumerated.

Subject:
	Security ID:		SYSTEM
	Account Name:		SHAIKFEROZALI$
	Account Domain:		WORKGROUP
	Logon ID:		0x3E7

User:
	Security ID:		SHAIKFEROZALI\feroz
	Account Name:		feroz
	Account Domain:		shaikferozali

Process Information:
	Process ID:		0x1088
	Process Name:		C:\Windows\System32\svchost.exe"
Audit Success,31-03-2026 12:02:21,Microsoft-Windows-Security-Auditing,4798,User Account Management,"A user's local group membership was enumerated.

Subject:
	Security ID:		SYSTEM
	Account Name:		SHAIKFEROZALI$
	Account Domain:		WORKGROUP
	Logon ID:		0x3E7

User:
	Security ID:		shaikferozali\DefaultAccount
	Account Name:		DefaultAccount
	Account Domain:		shaikferozali

Process Information:
	Process ID:		0x1088
	Process Name:		C:\Windows\System32\svchost.exe"
Audit Success,31-03-2026 12:02:20,Microsoft-Windows-Security-Auditing,4798,User Account Management,"A user's local group membership was enumerated.

Subject:
	Security ID:		SYSTEM
	Account Name:		SHAIKFEROZALI$
	Account Domain:		WORKGROUP
	Logon ID:		0x3E7

User:
	Security ID:		shaikferozali\CodexSandboxOnline
	Account Name:		CodexSandboxOnline
	Account Domain:		shaikferozali

Process Information:
	Process ID:		0x1088
	Process Name:		C:\Windows\System32\svchost.exe"
Audit Success,31-03-2026 12:02:20,Microsoft-Windows-Security-Auditing,4798,User Account Management,"A user's local group membership was enumerated.

Subject:
	Security ID:		SYSTEM
	Account Name:		SHAIKFEROZALI$
	Account Domain:		WORKGROUP
	Logon ID:		0x3E7

User:
	Security ID:		shaikferozali\CodexSandboxOffline
	Account Name:		CodexSandboxOffline
	Account Domain:		shaikferozali

Process Information:
	Process ID:		0x1088
	Process Name:		C:\Windows\System32\svchost.exe"
Audit Success,31-03-2026 12:02:20,Microsoft-Windows-Security-Auditing,4798,User Account Management,"A user's local group membership was enumerated.

Subject:
	Security ID:		SYSTEM
	Account Name:		SHAIKFEROZALI$
	Account Domain:		WORKGROUP
	Logon ID:		0x3E7

User:
	Security ID:		shaikferozali\Administrator
	Account Name:		Administrator
	Account Domain:		shaikferozali

Process Information:
	Process ID:		0x1088
	Process Name:		C:\Windows\System32\svchost.exe"
Audit Success,30-03-2026 20:51:20,Microsoft-Windows-Security-Auditing,4798,User Account Management,"A user's local group membership was enumerated.

Subject:
	Security ID:		SYSTEM
	Account Name:		SHAIKFEROZALI$
	Account Domain:		WORKGROUP
	Logon ID:		0x3E7

User:
	Security ID:		SHAIKFEROZALI\feroz
	Account Name:		feroz
	Account Domain:		shaikferozali

Process Information:
	Process ID:		0x1088
	Process Name:		C:\Windows\System32\svchost.exe"
Audit Success,30-03-2026 20:51:20,Microsoft-Windows-Security-Auditing,4798,User Account Management,"A user's local group membership was enumerated.

Subject:
	Security ID:		SYSTEM
	Account Name:		SHAIKFEROZALI$
	Account Domain:		WORKGROUP
	Logon ID:		0x3E7

User:
	Security ID:		shaikferozali\DefaultAccount
	Account Name:		DefaultAccount
	Account Domain:		shaikferozali

Process Information:
	Process ID:		0x1088
	Process Name:		C:\Windows\System32\svchost.exe"
Audit Success,30-03-2026 20:51:20,Microsoft-Windows-Security-Auditing,4798,User Account Management,"A user's local group membership was enumerated.

Subject:
	Security ID:		SYSTEM
	Account Name:		SHAIKFEROZALI$
	Account Domain:		WORKGROUP
	Logon ID:		0x3E7

User:
	Security ID:		shaikferozali\CodexSandboxOnline
	Account Name:		CodexSandboxOnline
	Account Domain:		shaikferozali

Process Information:
	Process ID:		0x1088
	Process Name:		C:\Windows\System32\svchost.exe"
Audit Success,30-03-2026 20:51:20,Microsoft-Windows-Security-Auditing,4798,User Account Management,"A user's local group membership was enumerated.

Subject:
	Security ID:		SYSTEM
	Account Name:		SHAIKFEROZALI$
	Account Domain:		WORKGROUP
	Logon ID:		0x3E7

User:
	Security ID:		shaikferozali\CodexSandboxOffline
	Account Name:		CodexSandboxOffline
	Account Domain:		shaikferozali

Process Information:
	Process ID:		0x1088
	Process Name:		C:\Windows\System32\svchost.exe"
Audit Success,30-03-2026 20:51:20,Microsoft-Windows-Security-Auditing,4798,User Account Management,"A user's local group membership was enumerated.

Subject:
	Security ID:		SYSTEM
	Account Name:		SHAIKFEROZALI$
	Account Domain:		WORKGROUP
	Logon ID:		0x3E7

User:
	Security ID:		shaikferozali\Administrator
	Account Name:		Administrator
	Account Domain:		shaikferozali

Process Information:
	Process ID:		0x1088
	Process Name:		C:\Windows\System32\svchost.exe"
Audit Success,30-03-2026 20:51:20,Microsoft-Windows-Security-Auditing,4798,User Account Management,"A user's local group membership was enumerated.

Subject:
	Security ID:		SYSTEM
	Account Name:		SHAIKFEROZALI$
	Account Domain:		WORKGROUP
	Logon ID:		0x3E7

User:
	Security ID:		SHAIKFEROZALI\feroz
	Account Name:		feroz
	Account Domain:		shaikferozali

Process Information:
	Process ID:		0x1088
	Process Name:		C:\Windows\System32\svchost.exe"
Audit Success,30-03-2026 20:51:20,Microsoft-Windows-Security-Auditing,4798,User Account Management,"A user's local group membership was enumerated.

Subject:
	Security ID:		SYSTEM
	Account Name:		SHAIKFEROZALI$
	Account Domain:		WORKGROUP
	Logon ID:		0x3E7

User:
	Security ID:		shaikferozali\DefaultAccount
	Account Name:		DefaultAccount
	Account Domain:		shaikferozali

Process Information:
	Process ID:		0x1088
	Process Name:		C:\Windows\System32\svchost.exe"
Audit Success,30-03-2026 20:51:20,Microsoft-Windows-Security-Auditing,4798,User Account Management,"A user's local group membership was enumerated.

Subject:
	Security ID:		SYSTEM
	Account Name:		SHAIKFEROZALI$
	Account Domain:		WORKGROUP
	Logon ID:		0x3E7

User:
	Security ID:		shaikferozali\CodexSandboxOnline
	Account Name:		CodexSandboxOnline
	Account Domain:		shaikferozali

Process Information:
	Process ID:		0x1088
	Process Name:		C:\Windows\System32\svchost.exe"
Audit Success,30-03-2026 20:51:20,Microsoft-Windows-Security-Auditing,4798,User Account Management,"A user's local group membership was enumerated.

Subject:
	Security ID:		SYSTEM
	Account Name:		SHAIKFEROZALI$
	Account Domain:		WORKGROUP
	Logon ID:		0x3E7

User:
	Security ID:		shaikferozali\CodexSandboxOffline
	Account Name:		CodexSandboxOffline
	Account Domain:		shaikferozali

Process Information:
	Process ID:		0x1088
	Process Name:		C:\Windows\System32\svchost.exe"
Audit Success,30-03-2026 20:51:20,Microsoft-Windows-Security-Auditing,4798,User Account Management,"A user's local group membership was enumerated.

Subject:
	Security ID:		SYSTEM
	Account Name:		SHAIKFEROZALI$
	Account Domain:		WORKGROUP
	Logon ID:		0x3E7

User:
	Security ID:		shaikferozali\Administrator
	Account Name:		Administrator
	Account Domain:		shaikferozali

Process Information:
	Process ID:		0x1088
	Process Name:		C:\Windows\System32\svchost.exe"
Audit Success,30-03-2026 20:51:20,Microsoft-Windows-Security-Auditing,4798,User Account Management,"A user's local group membership was enumerated.

Subject:
	Security ID:		SYSTEM
	Account Name:		SHAIKFEROZALI$
	Account Domain:		WORKGROUP
	Logon ID:		0x3E7

User:
	Security ID:		SHAIKFEROZALI\feroz
	Account Name:		feroz
	Account Domain:		shaikferozali

Process Information:
	Process ID:		0x1088
	Process Name:		C:\Windows\System32\svchost.exe"
Audit Success,30-03-2026 20:51:20,Microsoft-Windows-Security-Auditing,4798,User Account Management,"A user's local group membership was enumerated.

Subject:
	Security ID:		SYSTEM
	Account Name:		SHAIKFEROZALI$
	Account Domain:		WORKGROUP
	Logon ID:		0x3E7

User:
	Security ID:		shaikferozali\DefaultAccount
	Account Name:		DefaultAccount
	Account Domain:		shaikferozali

Process Information:
	Process ID:		0x1088
	Process Name:		C:\Windows\System32\svchost.exe"
Audit Success,30-03-2026 20:51:20,Microsoft-Windows-Security-Auditing,4798,User Account Management,"A user's local group membership was enumerated.

Subject:
	Security ID:		SYSTEM
	Account Name:		SHAIKFEROZALI$
	Account Domain:		WORKGROUP
	Logon ID:		0x3E7

User:
	Security ID:		shaikferozali\CodexSandboxOnline
	Account Name:		CodexSandboxOnline
	Account Domain:		shaikferozali

Process Information:
	Process ID:		0x1088
	Process Name:		C:\Windows\System32\svchost.exe"
Audit Success,30-03-2026 20:51:20,Microsoft-Windows-Security-Auditing,4798,User Account Management,"A user's local group membership was enumerated.

Subject:
	Security ID:		SYSTEM
	Account Name:		SHAIKFEROZALI$
	Account Domain:		WORKGROUP
	Logon ID:		0x3E7

User:
	Security ID:		shaikferozali\CodexSandboxOffline
	Account Name:		CodexSandboxOffline
	Account Domain:		shaikferozali

Process Information:
	Process ID:		0x1088
	Process Name:		C:\Windows\System32\svchost.exe"
Audit Success,30-03-2026 20:51:20,Microsoft-Windows-Security-Auditing,4798,User Account Management,"A user's local group membership was enumerated.

Subject:
	Security ID:		SYSTEM
	Account Name:		SHAIKFEROZALI$
	Account Domain:		WORKGROUP
	Logon ID:		0x3E7

User:
	Security ID:		shaikferozali\Administrator
	Account Name:		Administrator
	Account Domain:		shaikferozali

Process Information:
	Process ID:		0x1088
	Process Name:		C:\Windows\System32\svchost.exe"
Audit Success,30-03-2026 20:51:20,Microsoft-Windows-Security-Auditing,5379,User Account Management,"Credential Manager credentials were read.

Subject:
	Security ID:		SHAIKFEROZALI\feroz
	Account Name:		feroz
	Account Domain:		SHAIKFEROZALI
	Logon ID:		0x8B7E6
	Read Operation:		Enumerate Credentials

This event occurs when a user performs a read operation on stored credentials in Credential Manager."
Audit Success,30-03-2026 20:51:20,Microsoft-Windows-Security-Auditing,5379,User Account Management,"Credential Manager credentials were read.

Subject:
	Security ID:		SHAIKFEROZALI\feroz
	Account Name:		feroz
	Account Domain:		SHAIKFEROZALI
	Logon ID:		0x8B7E6
	Read Operation:		Enumerate Credentials

This event occurs when a user performs a read operation on stored credentials in Credential Manager."
Audit Success,30-03-2026 20:51:20,Microsoft-Windows-Security-Auditing,5379,User Account Management,"Credential Manager credentials were read.

Subject:
	Security ID:		SHAIKFEROZALI\feroz
	Account Name:		feroz
	Account Domain:		SHAIKFEROZALI
	Logon ID:		0x8B7E6
	Read Operation:		Enumerate Credentials

This event occurs when a user performs a read operation on stored credentials in Credential Manager."
Audit Success,30-03-2026 20:51:20,Microsoft-Windows-Security-Auditing,5379,User Account Management,"Credential Manager credentials were read.

Subject:
	Security ID:		SHAIKFEROZALI\feroz
	Account Name:		feroz
	Account Domain:		SHAIKFEROZALI
	Logon ID:		0x8B7E6
	Read Operation:		Enumerate Credentials

This event occurs when a user performs a read operation on stored credentials in Credential Manager."
Audit Success,30-03-2026 20:51:20,Microsoft-Windows-Security-Auditing,5379,User Account Management,"Credential Manager credentials were read.

Subject:
	Security ID:		SHAIKFEROZALI\feroz
	Account Name:		feroz
	Account Domain:		SHAIKFEROZALI
	Logon ID:		0x8B7E6
	Read Operation:		Enumerate Credentials

This event occurs when a user performs a read operation on stored credentials in Credential Manager."
Audit Success,30-03-2026 20:51:20,Microsoft-Windows-Security-Auditing,5379,User Account Management,"Credential Manager credentials were read.

Subject:
	Security ID:		SHAIKFEROZALI\feroz
	Account Name:		feroz
	Account Domain:		SHAIKFEROZALI
	Logon ID:		0x8B7E6
	Read Operation:		Enumerate Credentials

This event occurs when a user performs a read operation on stored credentials in Credential Manager."
Audit Success,30-03-2026 20:51:20,Microsoft-Windows-Security-Auditing,4798,User Account Management,"A user's local group membership was enumerated.

Subject:
	Security ID:		SYSTEM
	Account Name:		SHAIKFEROZALI$
	Account Domain:		WORKGROUP
	Logon ID:		0x3E7

User:
	Security ID:		SHAIKFEROZALI\feroz
	Account Name:		feroz
	Account Domain:		shaikferozali

Process Information:
	Process ID:		0x1088
	Process Name:		C:\Windows\System32\svchost.exe"
Audit Success,30-03-2026 20:51:20,Microsoft-Windows-Security-Auditing,4798,User Account Management,"A user's local group membership was enumerated.

Subject:
	Security ID:		SYSTEM
	Account Name:		SHAIKFEROZALI$
	Account Domain:		WORKGROUP
	Logon ID:		0x3E7

User:
	Security ID:		shaikferozali\DefaultAccount
	Account Name:		DefaultAccount
	Account Domain:		shaikferozali

Process Information:
	Process ID:		0x1088
	Process Name:		C:\Windows\System32\svchost.exe"
Audit Success,30-03-2026 20:51:20,Microsoft-Windows-Security-Auditing,4798,User Account Management,"A user's local group membership was enumerated.

Subject:
	Security ID:		SYSTEM
	Account Name:		SHAIKFEROZALI$
	Account Domain:		WORKGROUP
	Logon ID:		0x3E7

User:
	Security ID:		shaikferozali\CodexSandboxOnline
	Account Name:		CodexSandboxOnline
	Account Domain:		shaikferozali

Process Information:
	Process ID:		0x1088
	Process Name:		C:\Windows\System32\svchost.exe"
Audit Success,30-03-2026 20:51:20,Microsoft-Windows-Security-Auditing,4798,User Account Management,"A user's local group membership was enumerated.

Subject:
	Security ID:		SYSTEM
	Account Name:		SHAIKFEROZALI$
	Account Domain:		WORKGROUP
	Logon ID:		0x3E7

User:
	Security ID:		shaikferozali\CodexSandboxOffline
	Account Name:		CodexSandboxOffline
	Account Domain:		shaikferozali

Process Information:
	Process ID:		0x1088
	Process Name:		C:\Windows\System32\svchost.exe"
Audit Success,30-03-2026 20:51:20,Microsoft-Windows-Security-Auditing,5379,User Account Management,"Credential Manager credentials were read.

Subject:
	Security ID:		SYSTEM
	Account Name:		SHAIKFEROZALI$
	Account Domain:		WORKGROUP
	Logon ID:		0x3E7
	Read Operation:		Enumerate Credentials

This event occurs when a user performs a read operation on stored credentials in Credential Manager."
Audit Success,30-03-2026 20:51:20,Microsoft-Windows-Security-Auditing,4798,User Account Management,"A user's local group membership was enumerated.

Subject:
	Security ID:		SYSTEM
	Account Name:		SHAIKFEROZALI$
	Account Domain:		WORKGROUP
	Logon ID:		0x3E7

User:
	Security ID:		shaikferozali\Administrator
	Account Name:		Administrator
	Account Domain:		shaikferozali

Process Information:
	Process ID:		0x1088
	Process Name:		C:\Windows\System32\svchost.exe"
Audit Success,30-03-2026 20:51:20,Microsoft-Windows-Security-Auditing,5379,User Account Management,"Credential Manager credentials were read.

Subject:
	Security ID:		SYSTEM
	Account Name:		SHAIKFEROZALI$
	Account Domain:		WORKGROUP
	Logon ID:		0x3E7
	Read Operation:		Enumerate Credentials

This event occurs when a user performs a read operation on stored credentials in Credential Manager."
Audit Success,30-03-2026 20:51:20,Microsoft-Windows-Security-Auditing,5379,User Account Management,"Credential Manager credentials were read.

Subject:
	Security ID:		SYSTEM
	Account Name:		SHAIKFEROZALI$
	Account Domain:		WORKGROUP
	Logon ID:		0x3E7
	Read Operation:		Enumerate Credentials

This event occurs when a user performs a read operation on stored credentials in Credential Manager."
Audit Success,30-03-2026 20:51:20,Microsoft-Windows-Security-Auditing,4672,Special Logon,"Special privileges assigned to new logon.

Subject:
	Security ID:		SYSTEM
	Account Name:		SYSTEM
	Account Domain:		NT AUTHORITY
	Logon ID:		0x3E7

Privileges:		SeAssignPrimaryTokenPrivilege
			SeTcbPrivilege
			SeSecurityPrivilege
			SeTakeOwnershipPrivilege
			SeLoadDriverPrivilege
			SeBackupPrivilege
			SeRestorePrivilege
			SeDebugPrivilege
			SeAuditPrivilege
			SeSystemEnvironmentPrivilege
			SeImpersonatePrivilege
			SeDelegateSessionUserImpersonatePrivilege"
Audit Success,30-03-2026 20:51:20,Microsoft-Windows-Security-Auditing,4624,Logon,"An account was successfully logged on.

Subject:
	Security ID:		SYSTEM
	Account Name:		SHAIKFEROZALI$
	Account Domain:		WORKGROUP
	Logon ID:		0x3E7

Logon Information:
	Logon Type:		5
	Restricted Admin Mode:	-
	Remote Credential Guard:	-
	Virtual Account:		No
	Elevated Token:		Yes

Impersonation Level:		Impersonation

New Logon:
	Security ID:		SYSTEM
	Account Name:		SYSTEM
	Account Domain:		NT AUTHORITY
	Logon ID:		0x3E7
	Linked Logon ID:		0x0
	Network Account Name:	-
	Network Account Domain:	-
	Logon GUID:		{00000000-0000-0000-0000-000000000000}

Process Information:
	Process ID:		0x458
	Process Name:		C:\Windows\System32\services.exe

Network Information:
	Workstation Name:	-
	Source Network Address:	-
	Source Port:		-

Detailed Authentication Information:
	Logon Process:		Advapi  
	Authentication Package:	Negotiate
	Transited Services:	-
	Package Name (NTLM only):	-
	Key Length:		0

This event is generated when a logon session is created. It is generated on the computer that was accessed.

The subject fields indicate the account on the local system which requested the logon. This is most commonly a service such as the Server service, or a local process such as Winlogon.exe or Services.exe.

The logon type field indicates the kind of logon that occurred. The most common types are 2 (interactive) and 3 (network).

The New Logon fields indicate the account for whom the new logon was created, i.e. the account that was logged on.

The network fields indicate where a remote logon request originated. Workstation name is not always available and may be left blank in some cases.

The impersonation level field indicates the extent to which a process in the logon session can impersonate.

The authentication information fields provide detailed information about this specific logon request.
	- Logon GUID is a unique identifier that can be used to correlate this event with a KDC event.
	- Transited services indicate which intermediate services have participated in this logon request.
	- Package name indicates which sub-protocol was used among the NTLM protocols.
	- Key length indicates the length of the generated session key. This will be 0 if no session key was requested."
Audit Success,30-03-2026 20:51:19,Microsoft-Windows-Security-Auditing,4672,Special Logon,"Special privileges assigned to new logon.

Subject:
	Security ID:		SYSTEM
	Account Name:		SYSTEM
	Account Domain:		NT AUTHORITY
	Logon ID:		0x3E7

Privileges:		SeAssignPrimaryTokenPrivilege
			SeTcbPrivilege
			SeSecurityPrivilege
			SeTakeOwnershipPrivilege
			SeLoadDriverPrivilege
			SeBackupPrivilege
			SeRestorePrivilege
			SeDebugPrivilege
			SeAuditPrivilege
			SeSystemEnvironmentPrivilege
			SeImpersonatePrivilege
			SeDelegateSessionUserImpersonatePrivilege"
